2022-05-06 08:07:44.536  WARN 19816 --- [HikariPool-1 housekeeper] com.zaxxer.hikari.pool.HikariPool        : HikariPool-1 - Thread starvation or clock leap detected (housekeeper delta=11h5m1s587ms245µs).
2022-05-06 09:21:36.463  WARN 19816 --- [HikariPool-1 housekeeper] com.zaxxer.hikari.pool.HikariPool        : HikariPool-1 - Thread starvation or clock leap detected (housekeeper delta=14m20s959ms79µs600ns).
2022-05-06 11:26:28.232  WARN 19816 --- [HikariPool-1 housekeeper] com.zaxxer.hikari.pool.HikariPool        : HikariPool-1 - Thread starvation or clock leap detected (housekeeper delta=42m20s512ms778µs900ns).
2022-05-06 11:30:51.776  INFO 11148 --- [main] ch.fhnw.lems.LemsApplication             : Starting LemsApplication using Java 17 on DESKTOP-IRCMA3K with PID 11148 (C:\Users\eveli\Documents\Studium FHNW\5. Semester\Internettechnologien\Workspace\LEMS_IT-Project\target\classes started by eveli in C:\Users\eveli\Documents\Studium FHNW\5. Semester\Internettechnologien\Workspace\LEMS_IT-Project)
2022-05-06 11:30:51.781  INFO 11148 --- [main] ch.fhnw.lems.LemsApplication             : No active profile set, falling back to 1 default profile: "default"
2022-05-06 11:30:53.302  INFO 11148 --- [main] .s.d.r.c.RepositoryConfigurationDelegate : Multiple Spring Data modules found, entering strict repository configuration mode!
2022-05-06 11:30:53.305  INFO 11148 --- [main] .s.d.r.c.RepositoryConfigurationDelegate : Bootstrapping Spring Data JDBC repositories in DEFAULT mode.
2022-05-06 11:30:53.366  INFO 11148 --- [main] .RepositoryConfigurationExtensionSupport : Spring Data JDBC - Could not safely identify store assignment for repository candidate interface ch.fhnw.lems.persistence.CardRepository. If you want this repository to be a JDBC repository, consider annotating your entities with one of these annotations: org.springframework.data.relational.core.mapping.Table.
2022-05-06 11:30:53.370  INFO 11148 --- [main] .RepositoryConfigurationExtensionSupport : Spring Data JDBC - Could not safely identify store assignment for repository candidate interface ch.fhnw.lems.persistence.LoginHistoryRepository. If you want this repository to be a JDBC repository, consider annotating your entities with one of these annotations: org.springframework.data.relational.core.mapping.Table.
2022-05-06 11:30:53.373  INFO 11148 --- [main] .RepositoryConfigurationExtensionSupport : Spring Data JDBC - Could not safely identify store assignment for repository candidate interface ch.fhnw.lems.persistence.OrderItemRepository. If you want this repository to be a JDBC repository, consider annotating your entities with one of these annotations: org.springframework.data.relational.core.mapping.Table.
2022-05-06 11:30:53.376  INFO 11148 --- [main] .RepositoryConfigurationExtensionSupport : Spring Data JDBC - Could not safely identify store assignment for repository candidate interface ch.fhnw.lems.persistence.OrderRepository. If you want this repository to be a JDBC repository, consider annotating your entities with one of these annotations: org.springframework.data.relational.core.mapping.Table.
2022-05-06 11:30:53.379  INFO 11148 --- [main] .RepositoryConfigurationExtensionSupport : Spring Data JDBC - Could not safely identify store assignment for repository candidate interface ch.fhnw.lems.persistence.ProductRepository. If you want this repository to be a JDBC repository, consider annotating your entities with one of these annotations: org.springframework.data.relational.core.mapping.Table.
2022-05-06 11:30:53.382  INFO 11148 --- [main] .RepositoryConfigurationExtensionSupport : Spring Data JDBC - Could not safely identify store assignment for repository candidate interface ch.fhnw.lems.persistence.RoleRepository. If you want this repository to be a JDBC repository, consider annotating your entities with one of these annotations: org.springframework.data.relational.core.mapping.Table.
2022-05-06 11:30:53.385  INFO 11148 --- [main] .RepositoryConfigurationExtensionSupport : Spring Data JDBC - Could not safely identify store assignment for repository candidate interface ch.fhnw.lems.persistence.TransportCostRepository. If you want this repository to be a JDBC repository, consider annotating your entities with one of these annotations: org.springframework.data.relational.core.mapping.Table.
2022-05-06 11:30:53.388  INFO 11148 --- [main] .RepositoryConfigurationExtensionSupport : Spring Data JDBC - Could not safely identify store assignment for repository candidate interface ch.fhnw.lems.persistence.UserRepository. If you want this repository to be a JDBC repository, consider annotating your entities with one of these annotations: org.springframework.data.relational.core.mapping.Table.
2022-05-06 11:30:53.389  INFO 11148 --- [main] .s.d.r.c.RepositoryConfigurationDelegate : Finished Spring Data repository scanning in 77 ms. Found 0 JDBC repository interfaces.
2022-05-06 11:30:53.404  INFO 11148 --- [main] .s.d.r.c.RepositoryConfigurationDelegate : Multiple Spring Data modules found, entering strict repository configuration mode!
2022-05-06 11:30:53.407  INFO 11148 --- [main] .s.d.r.c.RepositoryConfigurationDelegate : Bootstrapping Spring Data JPA repositories in DEFAULT mode.
2022-05-06 11:30:53.514  INFO 11148 --- [main] .s.d.r.c.RepositoryConfigurationDelegate : Finished Spring Data repository scanning in 92 ms. Found 8 JPA repository interfaces.
2022-05-06 11:30:55.107  INFO 11148 --- [main] o.s.b.w.embedded.tomcat.TomcatWebServer  : Tomcat initialized with port(s): 8080 (http)
2022-05-06 11:30:55.131  INFO 11148 --- [main] o.apache.catalina.core.StandardService   : Starting service [Tomcat]
2022-05-06 11:30:55.132  INFO 11148 --- [main] org.apache.catalina.core.StandardEngine  : Starting Servlet engine: [Apache Tomcat/9.0.58]
2022-05-06 11:30:55.387  INFO 11148 --- [main] o.a.c.c.C.[Tomcat].[localhost].[/]       : Initializing Spring embedded WebApplicationContext
2022-05-06 11:30:55.388  INFO 11148 --- [main] w.s.c.ServletWebServerApplicationContext : Root WebApplicationContext: initialization completed in 3515 ms
2022-05-06 11:30:56.056  INFO 11148 --- [main] o.hibernate.jpa.internal.util.LogHelper  : HHH000204: Processing PersistenceUnitInfo [name: default]
2022-05-06 11:30:56.177  INFO 11148 --- [main] org.hibernate.Version                    : HHH000412: Hibernate ORM core version 5.6.5.Final
2022-05-06 11:30:56.562  INFO 11148 --- [main] o.hibernate.annotations.common.Version   : HCANN000001: Hibernate Commons Annotations {5.1.2.Final}
2022-05-06 11:30:56.781  INFO 11148 --- [main] com.zaxxer.hikari.HikariDataSource       : HikariPool-1 - Starting...
2022-05-06 11:30:56.798  WARN 11148 --- [main] com.zaxxer.hikari.util.DriverDataSource  : Registered driver with driverClassName=com.mysql.jdbc.Driver was not found, trying direct instantiation.
2022-05-06 11:30:57.607  INFO 11148 --- [main] com.zaxxer.hikari.HikariDataSource       : HikariPool-1 - Start completed.
2022-05-06 11:30:57.680  INFO 11148 --- [main] org.hibernate.dialect.Dialect            : HHH000400: Using dialect: org.hibernate.dialect.MySQL8Dialect
2022-05-06 11:30:59.450  INFO 11148 --- [main] o.h.e.t.j.p.i.JtaPlatformInitiator       : HHH000490: Using JtaPlatform implementation: [org.hibernate.engine.transaction.jta.platform.internal.NoJtaPlatform]
2022-05-06 11:30:59.478  INFO 11148 --- [main] j.LocalContainerEntityManagerFactoryBean : Initialized JPA EntityManagerFactory for persistence unit 'default'
2022-05-06 11:31:01.100  WARN 11148 --- [main] JpaBaseConfiguration$JpaWebConfiguration : spring.jpa.open-in-view is enabled by default. Therefore, database queries may be performed during view rendering. Explicitly configure spring.jpa.open-in-view to disable this warning
2022-05-06 11:31:01.735  INFO 11148 --- [main] o.s.s.web.DefaultSecurityFilterChain     : Will not secure any request
2022-05-06 11:31:03.380  INFO 11148 --- [main] o.s.b.w.embedded.tomcat.TomcatWebServer  : Tomcat started on port(s): 8080 (http) with context path ''
2022-05-06 11:31:03.396  INFO 11148 --- [main] ch.fhnw.lems.LemsApplication             : Started LemsApplication in 13.021 seconds (JVM running for 14.671)
2022-05-06 11:31:25.172  INFO 11148 --- [http-nio-8080-exec-1] o.a.c.c.C.[Tomcat].[localhost].[/]       : Initializing Spring DispatcherServlet 'dispatcherServlet'
2022-05-06 11:31:25.172  INFO 11148 --- [http-nio-8080-exec-1] o.s.web.servlet.DispatcherServlet        : Initializing Servlet 'dispatcherServlet'
2022-05-06 11:31:25.174  INFO 11148 --- [http-nio-8080-exec-1] o.s.web.servlet.DispatcherServlet        : Completed initialization in 1 ms
2022-05-06 11:32:15.402  INFO 11148 --- [http-nio-8080-exec-7] c.f.l.springSecurity.WebSecurityConfig   : Der User: admin hat sich erfolgreich eingeloggt!
2022-05-06 11:32:24.207  INFO 11148 --- [http-nio-8080-exec-2] c.f.l.springSecurity.WebSecurityConfig   : Der User: admin hat sich erfolgreich abgemeldet!
2022-05-06 11:32:36.549  INFO 11148 --- [http-nio-8080-exec-5] c.f.l.springSecurity.WebSecurityConfig   : Der User: admin hat sich erfolgreich eingeloggt!
2022-05-06 11:32:42.759  INFO 11148 --- [http-nio-8080-exec-10] c.f.l.springSecurity.WebSecurityConfig   : Der User: admin hat sich erfolgreich abgemeldet!
